C:\USERS\CHOOPER\DESKTOP\LAB2\DEBUG\LAB2.EXE
C:\USERS\CHOOPER\DESKTOP\LAB2\DEBUG\LAB2.ILK
C:\USERS\CHOOPER\DESKTOP\LAB2\DEBUG\LAB2.PDB
C:\Users\chooper\Desktop\Lab2\Lab2\Debug\cl.command.1.tlog
C:\Users\chooper\Desktop\Lab2\Lab2\Debug\CL.read.1.tlog
C:\Users\chooper\Desktop\Lab2\Lab2\Debug\CL.write.1.tlog
C:\USERS\CHOOPER\DESKTOP\LAB2\LAB2\DEBUG\LAB2.EXE.EMBED.MANIFEST
C:\USERS\CHOOPER\DESKTOP\LAB2\LAB2\DEBUG\LAB2.EXE.EMBED.MANIFEST.RES
C:\USERS\CHOOPER\DESKTOP\LAB2\LAB2\DEBUG\LAB2.EXE.INTERMEDIATE.MANIFEST
C:\USERS\CHOOPER\DESKTOP\LAB2\LAB2\DEBUG\LAB2.OBJ
C:\USERS\CHOOPER\DESKTOP\LAB2\LAB2\DEBUG\LAB2.PCH
C:\Users\chooper\Desktop\Lab2\Lab2\Debug\Lab2_manifest.rc
C:\Users\chooper\Desktop\Lab2\Lab2\Debug\link.988.read.1.tlog
C:\Users\chooper\Desktop\Lab2\Lab2\Debug\link.988.write.1.tlog
C:\Users\chooper\Desktop\Lab2\Lab2\Debug\link.988-cvtres.read.1.tlog
C:\Users\chooper\Desktop\Lab2\Lab2\Debug\link.988-cvtres.write.1.tlog
C:\Users\chooper\Desktop\Lab2\Lab2\Debug\link.command.1.tlog
C:\Users\chooper\Desktop\Lab2\Lab2\Debug\link.read.1.tlog
C:\Users\chooper\Desktop\Lab2\Lab2\Debug\link.write.1.tlog
C:\Users\chooper\Desktop\Lab2\Lab2\Debug\link-cvtres.read.1.tlog
C:\Users\chooper\Desktop\Lab2\Lab2\Debug\link-cvtres.write.1.tlog
C:\Users\chooper\Desktop\Lab2\Lab2\Debug\mt.command.1.tlog
C:\Users\chooper\Desktop\Lab2\Lab2\Debug\mt.read.1.tlog
C:\Users\chooper\Desktop\Lab2\Lab2\Debug\mt.write.1.tlog
C:\USERS\CHOOPER\DESKTOP\LAB2\LAB2\DEBUG\NODE0.OBJ
C:\USERS\CHOOPER\DESKTOP\LAB2\LAB2\DEBUG\NODE1.OBJ
C:\USERS\CHOOPER\DESKTOP\LAB2\LAB2\DEBUG\NODE2.OBJ
C:\USERS\CHOOPER\DESKTOP\LAB2\LAB2\DEBUG\NODE3.OBJ
C:\Users\chooper\Desktop\Lab2\Lab2\Debug\rc.command.1.tlog
C:\Users\chooper\Desktop\Lab2\Lab2\Debug\rc.read.1.tlog
C:\Users\chooper\Desktop\Lab2\Lab2\Debug\rc.write.1.tlog
C:\USERS\CHOOPER\DESKTOP\LAB2\LAB2\DEBUG\STDAFX.OBJ
C:\Users\chooper\Desktop\Lab2\Lab2\Debug\vc100.idb
C:\USERS\CHOOPER\DESKTOP\LAB2\LAB2\DEBUG\VC100.PDB
